<?xml version="1.0" encoding="UTF-8"?>
<testsuites name="Data-Driven Testing" time="121.446" tests="3" failures="0" errors="0">
   <testsuite name="Data-Driven Testing" tests="3" failures="0" errors="0" time="121.446" skipped="0" timestamp="12-02-2025T17:23:34" hostname="BSI90938 - BSINB20J069.bsidomain.com" id="Test Suites/Data-Driven Testing">
      <properties>
         <property name="deviceName" value=""/>
         <property name="devicePlatform"/>
         <property name="logFolder" value="D:\\Users\\bsi90938\\git\\Katalon-Automation-Portfolio\\Reports\\20250212_172329\\Data-Driven Testing\\20250212_172329"/>
         <property name="logFiles" value="D:\\Users\\bsi90938\\git\\Katalon-Automation-Portfolio\\Reports\\20250212_172329\\Data-Driven Testing\\20250212_172329\\execution0.log"/>
         <property name="attachments" value="D:\\Users\\bsi90938\\git\\Katalon-Automation-Portfolio\\Reports\\20250212_172329\\Data-Driven Testing\\20250212_172329\\1739355842803.png"/>
         <property name="hostName" value="BSI90938 - BSINB20J069.bsidomain.com"/>
         <property name="os" value="Windows 10 64bit"/>
         <property name="katalonVersion" value="10.0.1.223"/>
         <property name="browser" value="Chrome 132.0.0.0"/>
         <property name="hostAddress" value="172.19.66.214"/>
         <property name="sessionId" value="c02fddb8023eaf8f03287a1d50fa4fc1"/>
         <property name="seleniumVersion" value="4.22.0"/>
         <property name="proxyInformation" value="ProxyInformation { proxyOption=NO_PROXY, proxyServerType=HTTP, username=, password=********, proxyServerAddress=, proxyServerPort=0, executionList=&quot;&quot;, isApplyToDesiredCapabilities=true }"/>
         <property name="platform" value="Windows 10"/>
      </properties>
      <testcase name="Test Cases/Katalon Academy/Data-Driven Testing/Fine a place" time="32.935" classname="Test Cases/Katalon Academy/Data-Driven Testing/Fine a place" status="PASSED">
         <system-out><![CDATA[12-02-2025T17:24:03 - [TEST_CASE][PASSED] - Test Cases/Katalon Academy/Data-Driven Testing/Fine a place: Test Cases/Katalon Academy/Data-Driven Testing/Fine a place

12-02-2025T17:24:03 - [TEST_STEP][PASSED] - openBrowser(""): Browser is opened with url: ''

12-02-2025T17:24:03 - [MESSAGE][WARNING] - A browser is already opened. Closing browser and opening a new one

12-02-2025T17:24:04 - [MESSAGE][INFO] - Starting 'Chrome' driver

12-02-2025T17:24:04 - [MESSAGE][INFO] - Action delay is set to 0 milliseconds

12-02-2025T17:24:07 - [MESSAGE][PASSED] - Browser is opened with url: ''

12-02-2025T17:24:07 - [TEST_STEP][PASSED] - setViewPortSize(1920, 1080): Viewport size mismatch (1540x1540).

12-02-2025T17:24:08 - [MESSAGE][INFO] - Viewport size mismatch (1,540x736). Trying to set it again.

12-02-2025T17:24:09 - [MESSAGE][WARNING] - Viewport size mismatch (1540x1540).

12-02-2025T17:24:09 - [TEST_STEP][PASSED] - navigateToUrl("https://www.airbnb.com/"): Navigate to 'https://www.airbnb.com/' successfully

12-02-2025T17:24:12 - [MESSAGE][PASSED] - Navigate to 'https://www.airbnb.com/' successfully

12-02-2025T17:24:12 - [TEST_STEP][PASSED] - waitForPageLoad(20): Wait for page load successfully

12-02-2025T17:24:12 - [MESSAGE][PASSED] - Wait for page load successfully

12-02-2025T17:24:12 - [TEST_STEP][PASSED] - waitForElementPresent(findTestObject("Object Repository/Airbnb Pages/Page_Search/input_Where_query"), 20): Object 'Object Repository/Airbnb Pages/Page_Search/input_Where_query' is present

12-02-2025T17:24:22 - [MESSAGE][PASSED] - Object 'Object Repository/Airbnb Pages/Page_Search/input_Where_query' is present

12-02-2025T17:24:22 - [TEST_STEP][PASSED] - setText(findTestObject("Object Repository/Airbnb Pages/Page_Search/input_Where_query"), city): Text 'Atlanta' is set on object 'Object Repository/Airbnb Pages/Page_Search/input_Where_query'

12-02-2025T17:24:23 - [MESSAGE][PASSED] - Text 'Atlanta' is set on object 'Object Repository/Airbnb Pages/Page_Search/input_Where_query'

12-02-2025T17:24:23 - [TEST_STEP][PASSED] - click(findTestObject("Object Repository/Airbnb Pages/Page_Search/div_Add dates")): Object: 'Object Repository/Airbnb Pages/Page_Search/div_Add dates' is clicked on

12-02-2025T17:24:25 - [MESSAGE][PASSED] - Object: 'Object Repository/Airbnb Pages/Page_Search/div_Add dates' is clicked on

12-02-2025T17:24:25 - [TEST_STEP][PASSED] - delay(3): Delayed 3 second(s)

12-02-2025T17:24:28 - [MESSAGE][PASSED] - Delayed 3 second(s)

12-02-2025T17:24:28 - [TEST_STEP][PASSED] - click(findTestObject("Object Repository/Airbnb Pages/Page_Search/label_3 days3 days")): Object: 'Object Repository/Airbnb Pages/Page_Search/label_3 days3 days' is clicked on

12-02-2025T17:24:29 - [MESSAGE][PASSED] - Object: 'Object Repository/Airbnb Pages/Page_Search/label_3 days3 days' is clicked on

12-02-2025T17:24:29 - [TEST_STEP][PASSED] - click(findTestObject("Object Repository/Airbnb Pages/Page_Search/span_Add guests_t1dqvypu atm_9s_1ulexfb atm_023ad9")): Object: 'Object Repository/Airbnb Pages/Page_Search/span_Add guests_t1dqvypu atm_9s_1ulexfb atm_023ad9' is clicked on

12-02-2025T17:24:30 - [MESSAGE][PASSED] - Object: 'Object Repository/Airbnb Pages/Page_Search/span_Add guests_t1dqvypu atm_9s_1ulexfb atm_023ad9' is clicked on

12-02-2025T17:24:30 - [TEST_STEP][PASSED] - verifyElementText(findTestObject("Object Repository/Airbnb Pages/Page_SearchResult/div_atlanta"), expectedResult): Actual text and expected text of test object 'Object Repository/Airbnb Pages/Page_SearchResult/div_atlanta' are matched.

12-02-2025T17:24:34 - [MESSAGE][PASSED] - Actual text and expected text of test object 'Object Repository/Airbnb Pages/Page_SearchResult/div_atlanta' are matched.

12-02-2025T17:24:34 - [TEST_STEP][PASSED] - closeBrowser(): Browser is closed

12-02-2025T17:24:36 - [MESSAGE][PASSED] - Browser is closed]]></system-out>
         <system-err><![CDATA[]]></system-err>
      </testcase>
      <testcase name="Test Cases/Katalon Academy/Data-Driven Testing/Fine a place" time="31.701" classname="Test Cases/Katalon Academy/Data-Driven Testing/Fine a place" status="PASSED">
         <system-out><![CDATA[12-02-2025T17:24:36 - [TEST_CASE][PASSED] - Test Cases/Katalon Academy/Data-Driven Testing/Fine a place: Test Cases/Katalon Academy/Data-Driven Testing/Fine a place

12-02-2025T17:24:36 - [TEST_STEP][PASSED] - openBrowser(""): Browser is opened with url: ''

12-02-2025T17:24:36 - [MESSAGE][INFO] - Starting 'Chrome' driver

12-02-2025T17:24:36 - [MESSAGE][INFO] - Action delay is set to 0 milliseconds

12-02-2025T17:24:39 - [MESSAGE][PASSED] - Browser is opened with url: ''

12-02-2025T17:24:39 - [TEST_STEP][PASSED] - setViewPortSize(1920, 1080): Viewport size mismatch (1540x1540).

12-02-2025T17:24:40 - [MESSAGE][INFO] - Viewport size mismatch (1,540x736). Trying to set it again.

12-02-2025T17:24:41 - [MESSAGE][WARNING] - Viewport size mismatch (1540x1540).

12-02-2025T17:24:41 - [TEST_STEP][PASSED] - navigateToUrl("https://www.airbnb.com/"): Navigate to 'https://www.airbnb.com/' successfully

12-02-2025T17:24:48 - [MESSAGE][PASSED] - Navigate to 'https://www.airbnb.com/' successfully

12-02-2025T17:24:48 - [TEST_STEP][PASSED] - waitForPageLoad(20): Wait for page load successfully

12-02-2025T17:24:48 - [MESSAGE][PASSED] - Wait for page load successfully

12-02-2025T17:24:48 - [TEST_STEP][PASSED] - waitForElementPresent(findTestObject("Object Repository/Airbnb Pages/Page_Search/input_Where_query"), 20): Object 'Object Repository/Airbnb Pages/Page_Search/input_Where_query' is present

12-02-2025T17:24:56 - [MESSAGE][PASSED] - Object 'Object Repository/Airbnb Pages/Page_Search/input_Where_query' is present

12-02-2025T17:24:56 - [TEST_STEP][PASSED] - setText(findTestObject("Object Repository/Airbnb Pages/Page_Search/input_Where_query"), city): Text 'Tokyo' is set on object 'Object Repository/Airbnb Pages/Page_Search/input_Where_query'

12-02-2025T17:24:57 - [MESSAGE][PASSED] - Text 'Tokyo' is set on object 'Object Repository/Airbnb Pages/Page_Search/input_Where_query'

12-02-2025T17:24:57 - [TEST_STEP][PASSED] - click(findTestObject("Object Repository/Airbnb Pages/Page_Search/div_Add dates")): Object: 'Object Repository/Airbnb Pages/Page_Search/div_Add dates' is clicked on

12-02-2025T17:24:59 - [MESSAGE][PASSED] - Object: 'Object Repository/Airbnb Pages/Page_Search/div_Add dates' is clicked on

12-02-2025T17:24:59 - [TEST_STEP][PASSED] - delay(3): Delayed 3 second(s)

12-02-2025T17:25:02 - [MESSAGE][PASSED] - Delayed 3 second(s)

12-02-2025T17:25:02 - [TEST_STEP][PASSED] - click(findTestObject("Object Repository/Airbnb Pages/Page_Search/label_3 days3 days")): Object: 'Object Repository/Airbnb Pages/Page_Search/label_3 days3 days' is clicked on

12-02-2025T17:25:03 - [MESSAGE][PASSED] - Object: 'Object Repository/Airbnb Pages/Page_Search/label_3 days3 days' is clicked on

12-02-2025T17:25:03 - [TEST_STEP][PASSED] - click(findTestObject("Object Repository/Airbnb Pages/Page_Search/span_Add guests_t1dqvypu atm_9s_1ulexfb atm_023ad9")): Object: 'Object Repository/Airbnb Pages/Page_Search/span_Add guests_t1dqvypu atm_9s_1ulexfb atm_023ad9' is clicked on

12-02-2025T17:25:03 - [MESSAGE][PASSED] - Object: 'Object Repository/Airbnb Pages/Page_Search/span_Add guests_t1dqvypu atm_9s_1ulexfb atm_023ad9' is clicked on

12-02-2025T17:25:03 - [TEST_STEP][PASSED] - verifyElementText(findTestObject("Object Repository/Airbnb Pages/Page_SearchResult/div_atlanta"), expectedResult): Actual text and expected text of test object 'Object Repository/Airbnb Pages/Page_SearchResult/div_atlanta' are matched.

12-02-2025T17:25:06 - [MESSAGE][PASSED] - Actual text and expected text of test object 'Object Repository/Airbnb Pages/Page_SearchResult/div_atlanta' are matched.

12-02-2025T17:25:06 - [TEST_STEP][PASSED] - closeBrowser(): Browser is closed

12-02-2025T17:25:07 - [MESSAGE][PASSED] - Browser is closed]]></system-out>
         <system-err><![CDATA[]]></system-err>
      </testcase>
      <testcase name="Test Cases/Katalon Academy/Data-Driven Testing/Fine a place" time="28.532" classname="Test Cases/Katalon Academy/Data-Driven Testing/Fine a place" status="PASSED">
         <system-out><![CDATA[12-02-2025T17:25:07 - [TEST_CASE][PASSED] - Test Cases/Katalon Academy/Data-Driven Testing/Fine a place: Test Cases/Katalon Academy/Data-Driven Testing/Fine a place

12-02-2025T17:25:07 - [TEST_STEP][PASSED] - openBrowser(""): Browser is opened with url: ''

12-02-2025T17:25:07 - [MESSAGE][INFO] - Starting 'Chrome' driver

12-02-2025T17:25:07 - [MESSAGE][INFO] - Action delay is set to 0 milliseconds

12-02-2025T17:25:10 - [MESSAGE][PASSED] - Browser is opened with url: ''

12-02-2025T17:25:10 - [TEST_STEP][PASSED] - setViewPortSize(1920, 1080): Viewport size mismatch (1540x1540).

12-02-2025T17:25:11 - [MESSAGE][INFO] - Viewport size mismatch (1,540x736). Trying to set it again.

12-02-2025T17:25:12 - [MESSAGE][WARNING] - Viewport size mismatch (1540x1540).

12-02-2025T17:25:12 - [TEST_STEP][PASSED] - navigateToUrl("https://www.airbnb.com/"): Navigate to 'https://www.airbnb.com/' successfully

12-02-2025T17:25:15 - [MESSAGE][PASSED] - Navigate to 'https://www.airbnb.com/' successfully

12-02-2025T17:25:15 - [TEST_STEP][PASSED] - waitForPageLoad(20): Wait for page load successfully

12-02-2025T17:25:15 - [MESSAGE][PASSED] - Wait for page load successfully

12-02-2025T17:25:15 - [TEST_STEP][PASSED] - waitForElementPresent(findTestObject("Object Repository/Airbnb Pages/Page_Search/input_Where_query"), 20): Object 'Object Repository/Airbnb Pages/Page_Search/input_Where_query' is present

12-02-2025T17:25:18 - [MESSAGE][PASSED] - Object 'Object Repository/Airbnb Pages/Page_Search/input_Where_query' is present

12-02-2025T17:25:18 - [TEST_STEP][PASSED] - setText(findTestObject("Object Repository/Airbnb Pages/Page_Search/input_Where_query"), city): Text 'New York' is set on object 'Object Repository/Airbnb Pages/Page_Search/input_Where_query'

12-02-2025T17:25:21 - [MESSAGE][PASSED] - Text 'New York' is set on object 'Object Repository/Airbnb Pages/Page_Search/input_Where_query'

12-02-2025T17:25:21 - [TEST_STEP][PASSED] - click(findTestObject("Object Repository/Airbnb Pages/Page_Search/div_Add dates")): Object: 'Object Repository/Airbnb Pages/Page_Search/div_Add dates' is clicked on

12-02-2025T17:25:26 - [MESSAGE][PASSED] - Object: 'Object Repository/Airbnb Pages/Page_Search/div_Add dates' is clicked on

12-02-2025T17:25:26 - [TEST_STEP][PASSED] - delay(3): Delayed 3 second(s)

12-02-2025T17:25:29 - [MESSAGE][PASSED] - Delayed 3 second(s)

12-02-2025T17:25:29 - [TEST_STEP][PASSED] - click(findTestObject("Object Repository/Airbnb Pages/Page_Search/label_3 days3 days")): Object: 'Object Repository/Airbnb Pages/Page_Search/label_3 days3 days' is clicked on

12-02-2025T17:25:30 - [MESSAGE][PASSED] - Object: 'Object Repository/Airbnb Pages/Page_Search/label_3 days3 days' is clicked on

12-02-2025T17:25:30 - [TEST_STEP][PASSED] - click(findTestObject("Object Repository/Airbnb Pages/Page_Search/span_Add guests_t1dqvypu atm_9s_1ulexfb atm_023ad9")): Object: 'Object Repository/Airbnb Pages/Page_Search/span_Add guests_t1dqvypu atm_9s_1ulexfb atm_023ad9' is clicked on

12-02-2025T17:25:30 - [MESSAGE][PASSED] - Object: 'Object Repository/Airbnb Pages/Page_Search/span_Add guests_t1dqvypu atm_9s_1ulexfb atm_023ad9' is clicked on

12-02-2025T17:25:30 - [TEST_STEP][PASSED] - verifyElementText(findTestObject("Object Repository/Airbnb Pages/Page_SearchResult/div_atlanta"), expectedResult): Actual text and expected text of test object 'Object Repository/Airbnb Pages/Page_SearchResult/div_atlanta' are matched.

12-02-2025T17:25:35 - [MESSAGE][PASSED] - Actual text and expected text of test object 'Object Repository/Airbnb Pages/Page_SearchResult/div_atlanta' are matched.

12-02-2025T17:25:35 - [TEST_STEP][PASSED] - closeBrowser(): Browser is closed

12-02-2025T17:25:36 - [MESSAGE][PASSED] - Browser is closed]]></system-out>
         <system-err><![CDATA[]]></system-err>
      </testcase>
      <system-out><![CDATA[12-02-2025T17:23:34 - [TEST_SUITE][FAILED] - Data-Driven Testing: Test Cases/Katalon Academy/Data-Driven Testing/Fine a place FAILED.
Reason:
com.kms.katalon.core.exception.StepFailedException: Unable to set text 'Atlanta' of object 'Object Repository/Airbnb Pages/Page_Search/input_Where_query'
	at com.kms.katalon.core.webui.keyword.internal.WebUIKeywordMain.stepFailed(WebUIKeywordMain.groovy:117)
	at com.kms.katalon.core.webui.keyword.internal.WebUIKeywordMain.runKeyword(WebUIKeywordMain.groovy:43)
	at com.kms.katalon.core.webui.keyword.builtin.SetTextKeyword.setText(SetTextKeyword.groovy:86)
	at com.kms.katalon.core.webui.keyword.builtin.SetTextKeyword.execute(SetTextKeyword.groovy:39)
	at com.kms.katalon.core.keyword.internal.KeywordExecutor.executeKeywordForPlatform(KeywordExecutor.groovy:74)
	at com.kms.katalon.core.webui.keyword.WebUiBuiltInKeywords.setText(WebUiBuiltInKeywords.groovy:1056)
	at Fine a place.run(Fine a place:30)
	at com.kms.katalon.core.main.ScriptEngine.run(ScriptEngine.java:194)
	at com.kms.katalon.core.main.ScriptEngine.runScriptAsRawText(ScriptEngine.java:119)
	at com.kms.katalon.core.main.TestCaseExecutor.runScript(TestCaseExecutor.java:448)
	at com.kms.katalon.core.main.TestCaseExecutor.doExecute(TestCaseExecutor.java:439)
	at com.kms.katalon.core.main.TestCaseExecutor.processExecutionPhase(TestCaseExecutor.java:418)
	at com.kms.katalon.core.main.TestCaseExecutor.accessMainPhase(TestCaseExecutor.java:410)
	at com.kms.katalon.core.main.TestCaseExecutor.execute(TestCaseExecutor.java:285)
	at com.kms.katalon.core.common.CommonExecutor.accessTestCaseMainPhase(CommonExecutor.java:65)
	at com.kms.katalon.core.main.TestSuiteExecutor.accessTestSuiteMainPhase(TestSuiteExecutor.java:161)
	at com.kms.katalon.core.main.TestSuiteExecutor.execute(TestSuiteExecutor.java:107)
	at com.kms.katalon.core.main.TestCaseMain.startTestSuite(TestCaseMain.java:176)
	at TempTestSuite1739355809321.run(TempTestSuite1739355809321.groovy:35)
	at java.base/jdk.internal.reflect.NativeMethodAccessorImpl.invoke0(Native Method)
	at java.base/jdk.internal.reflect.NativeMethodAccessorImpl.invoke(NativeMethodAccessorImpl.java:77)
	at java.base/jdk.internal.reflect.DelegatingMethodAccessorImpl.invoke(DelegatingMethodAccessorImpl.java:43)
Caused by: org.openqa.selenium.ElementNotInteractableException: element not interactable
  (Session info: chrome=132.0.6834.160)
Build info: version: '4.22.0', revision: 'c5f3146703'
System info: os.name: 'Windows 10', os.arch: 'amd64', os.version: '10.0', java.version: '17.0.7'
Driver info: com.kms.katalon.selenium.driver.CChromeDriver
Command: [1e5469b1e2fb7b09596da6be553e254d, clearElement {id=f.74315C70424F557E79A27A4AFB26B904.d.8E0DEE7E16F2DC8130C5945B5DD38851.e.338}]
Capabilities {acceptInsecureCerts: false, browserName: chrome, browserVersion: 132.0.6834.160, chrome: {chromedriverVersion: 131.0.6778.85 (3d81e41b6f3a..., userDataDir: D:\Users\bsi90938\AppData\L...}, fedcm:accounts: true, goog:chromeOptions: {debuggerAddress: localhost:54973}, networkConnectionEnabled: false, pageLoadStrategy: normal, platformName: windows, proxy: Proxy(), se:cdp: ws://localhost:54973/devtoo..., se:cdpVersion: 132.0.6834.160, setWindowRect: true, strictFileInteractability: false, timeouts: {implicit: 0, pageLoad: 300000, script: 30000}, unhandledPromptBehavior: ignore, webSocketUrl: ws://localhost:16159/sessio..., webauthn:extension:credBlob: true, webauthn:extension:largeBlob: true, webauthn:extension:minPinLength: true, webauthn:extension:prf: true, webauthn:virtualAuthenticators: true}
Element: [[CChromeDriver: chrome on windows (1e5469b1e2fb7b09596da6be553e254d)] -> xpath: //input[@id='bigsearch-query-location-input']]
Session ID: 1e5469b1e2fb7b09596da6be553e254d
	at java.base/jdk.internal.reflect.NativeConstructorAccessorImpl.newInstance0(Native Method)
	at java.base/jdk.internal.reflect.NativeConstructorAccessorImpl.newInstance(NativeConstructorAccessorImpl.java:77)
	at java.base/jdk.internal.reflect.DelegatingConstructorAccessorImpl.newInstance(DelegatingConstructorAccessorImpl.java:45)
	at org.openqa.selenium.remote.ErrorCodec.decode(ErrorCodec.java:167)
	at org.openqa.selenium.remote.codec.w3c.W3CHttpResponseCodec.decode(W3CHttpResponseCodec.java:138)
	at org.openqa.selenium.remote.codec.w3c.W3CHttpResponseCodec.decode(W3CHttpResponseCodec.java:50)
	at org.openqa.selenium.remote.HttpCommandExecutor.execute(HttpCommandExecutor.java:190)
	at org.openqa.selenium.remote.service.DriverCommandExecutor.invokeExecute(DriverCommandExecutor.java:216)
	at org.openqa.selenium.remote.service.DriverCommandExecutor.execute(DriverCommandExecutor.java:174)
	at org.openqa.selenium.remote.RemoteWebDriver.execute(RemoteWebDriver.java:518)
	at org.openqa.selenium.remote.RemoteWebElement.execute(RemoteWebElement.java:223)
	at org.openqa.selenium.remote.RemoteWebElement.clear(RemoteWebElement.java:129)
	at java.base/jdk.internal.reflect.NativeMethodAccessorImpl.invoke0(Native Method)
	at java.base/jdk.internal.reflect.NativeMethodAccessorImpl.invoke(NativeMethodAccessorImpl.java:77)
	at java.base/jdk.internal.reflect.DelegatingMethodAccessorImpl.invoke(DelegatingMethodAccessorImpl.java:43)
	at org.openqa.selenium.support.decorators.WebDriverDecorator.call(WebDriverDecorator.java:249)
	at org.openqa.selenium.support.decorators.DefaultDecorated.call(DefaultDecorated.java:48)
	at org.openqa.selenium.support.decorators.WebDriverDecorator.lambda$createProxy$2(WebDriverDecorator.java:321)
	at net.bytebuddy.renamed.java.lang.Object$ByteBuddy$btyxo1yf.clear(Unknown Source)
	at com.kms.katalon.core.webui.keyword.builtin.SetTextKeyword$_setText_closure1.doCall(SetTextKeyword.groovy:55)
	at com.kms.katalon.core.webui.keyword.builtin.SetTextKeyword$_setText_closure1.call(SetTextKeyword.groovy)
	at com.kms.katalon.core.webui.keyword.internal.WebUIKeywordMain.runKeyword(WebUIKeywordMain.groovy:35)
	... 20 more]]></system-out>
      <system-err><![CDATA[12-02-2025T17:23:34 - [TEST_SUITE][FAILED] - Data-Driven Testing: Test Cases/Katalon Academy/Data-Driven Testing/Fine a place FAILED.
Reason:
com.kms.katalon.core.exception.StepFailedException: Unable to set text 'Atlanta' of object 'Object Repository/Airbnb Pages/Page_Search/input_Where_query'
	at com.kms.katalon.core.webui.keyword.internal.WebUIKeywordMain.stepFailed(WebUIKeywordMain.groovy:117)
	at com.kms.katalon.core.webui.keyword.internal.WebUIKeywordMain.runKeyword(WebUIKeywordMain.groovy:43)
	at com.kms.katalon.core.webui.keyword.builtin.SetTextKeyword.setText(SetTextKeyword.groovy:86)
	at com.kms.katalon.core.webui.keyword.builtin.SetTextKeyword.execute(SetTextKeyword.groovy:39)
	at com.kms.katalon.core.keyword.internal.KeywordExecutor.executeKeywordForPlatform(KeywordExecutor.groovy:74)
	at com.kms.katalon.core.webui.keyword.WebUiBuiltInKeywords.setText(WebUiBuiltInKeywords.groovy:1056)
	at Fine a place.run(Fine a place:30)
	at com.kms.katalon.core.main.ScriptEngine.run(ScriptEngine.java:194)
	at com.kms.katalon.core.main.ScriptEngine.runScriptAsRawText(ScriptEngine.java:119)
	at com.kms.katalon.core.main.TestCaseExecutor.runScript(TestCaseExecutor.java:448)
	at com.kms.katalon.core.main.TestCaseExecutor.doExecute(TestCaseExecutor.java:439)
	at com.kms.katalon.core.main.TestCaseExecutor.processExecutionPhase(TestCaseExecutor.java:418)
	at com.kms.katalon.core.main.TestCaseExecutor.accessMainPhase(TestCaseExecutor.java:410)
	at com.kms.katalon.core.main.TestCaseExecutor.execute(TestCaseExecutor.java:285)
	at com.kms.katalon.core.common.CommonExecutor.accessTestCaseMainPhase(CommonExecutor.java:65)
	at com.kms.katalon.core.main.TestSuiteExecutor.accessTestSuiteMainPhase(TestSuiteExecutor.java:161)
	at com.kms.katalon.core.main.TestSuiteExecutor.execute(TestSuiteExecutor.java:107)
	at com.kms.katalon.core.main.TestCaseMain.startTestSuite(TestCaseMain.java:176)
	at TempTestSuite1739355809321.run(TempTestSuite1739355809321.groovy:35)
	at java.base/jdk.internal.reflect.NativeMethodAccessorImpl.invoke0(Native Method)
	at java.base/jdk.internal.reflect.NativeMethodAccessorImpl.invoke(NativeMethodAccessorImpl.java:77)
	at java.base/jdk.internal.reflect.DelegatingMethodAccessorImpl.invoke(DelegatingMethodAccessorImpl.java:43)
Caused by: org.openqa.selenium.ElementNotInteractableException: element not interactable
  (Session info: chrome=132.0.6834.160)
Build info: version: '4.22.0', revision: 'c5f3146703'
System info: os.name: 'Windows 10', os.arch: 'amd64', os.version: '10.0', java.version: '17.0.7'
Driver info: com.kms.katalon.selenium.driver.CChromeDriver
Command: [1e5469b1e2fb7b09596da6be553e254d, clearElement {id=f.74315C70424F557E79A27A4AFB26B904.d.8E0DEE7E16F2DC8130C5945B5DD38851.e.338}]
Capabilities {acceptInsecureCerts: false, browserName: chrome, browserVersion: 132.0.6834.160, chrome: {chromedriverVersion: 131.0.6778.85 (3d81e41b6f3a..., userDataDir: D:\Users\bsi90938\AppData\L...}, fedcm:accounts: true, goog:chromeOptions: {debuggerAddress: localhost:54973}, networkConnectionEnabled: false, pageLoadStrategy: normal, platformName: windows, proxy: Proxy(), se:cdp: ws://localhost:54973/devtoo..., se:cdpVersion: 132.0.6834.160, setWindowRect: true, strictFileInteractability: false, timeouts: {implicit: 0, pageLoad: 300000, script: 30000}, unhandledPromptBehavior: ignore, webSocketUrl: ws://localhost:16159/sessio..., webauthn:extension:credBlob: true, webauthn:extension:largeBlob: true, webauthn:extension:minPinLength: true, webauthn:extension:prf: true, webauthn:virtualAuthenticators: true}
Element: [[CChromeDriver: chrome on windows (1e5469b1e2fb7b09596da6be553e254d)] -> xpath: //input[@id='bigsearch-query-location-input']]
Session ID: 1e5469b1e2fb7b09596da6be553e254d
	at java.base/jdk.internal.reflect.NativeConstructorAccessorImpl.newInstance0(Native Method)
	at java.base/jdk.internal.reflect.NativeConstructorAccessorImpl.newInstance(NativeConstructorAccessorImpl.java:77)
	at java.base/jdk.internal.reflect.DelegatingConstructorAccessorImpl.newInstance(DelegatingConstructorAccessorImpl.java:45)
	at org.openqa.selenium.remote.ErrorCodec.decode(ErrorCodec.java:167)
	at org.openqa.selenium.remote.codec.w3c.W3CHttpResponseCodec.decode(W3CHttpResponseCodec.java:138)
	at org.openqa.selenium.remote.codec.w3c.W3CHttpResponseCodec.decode(W3CHttpResponseCodec.java:50)
	at org.openqa.selenium.remote.HttpCommandExecutor.execute(HttpCommandExecutor.java:190)
	at org.openqa.selenium.remote.service.DriverCommandExecutor.invokeExecute(DriverCommandExecutor.java:216)
	at org.openqa.selenium.remote.service.DriverCommandExecutor.execute(DriverCommandExecutor.java:174)
	at org.openqa.selenium.remote.RemoteWebDriver.execute(RemoteWebDriver.java:518)
	at org.openqa.selenium.remote.RemoteWebElement.execute(RemoteWebElement.java:223)
	at org.openqa.selenium.remote.RemoteWebElement.clear(RemoteWebElement.java:129)
	at java.base/jdk.internal.reflect.NativeMethodAccessorImpl.invoke0(Native Method)
	at java.base/jdk.internal.reflect.NativeMethodAccessorImpl.invoke(NativeMethodAccessorImpl.java:77)
	at java.base/jdk.internal.reflect.DelegatingMethodAccessorImpl.invoke(DelegatingMethodAccessorImpl.java:43)
	at org.openqa.selenium.support.decorators.WebDriverDecorator.call(WebDriverDecorator.java:249)
	at org.openqa.selenium.support.decorators.DefaultDecorated.call(DefaultDecorated.java:48)
	at org.openqa.selenium.support.decorators.WebDriverDecorator.lambda$createProxy$2(WebDriverDecorator.java:321)
	at net.bytebuddy.renamed.java.lang.Object$ByteBuddy$btyxo1yf.clear(Unknown Source)
	at com.kms.katalon.core.webui.keyword.builtin.SetTextKeyword$_setText_closure1.doCall(SetTextKeyword.groovy:55)
	at com.kms.katalon.core.webui.keyword.builtin.SetTextKeyword$_setText_closure1.call(SetTextKeyword.groovy)
	at com.kms.katalon.core.webui.keyword.internal.WebUIKeywordMain.runKeyword(WebUIKeywordMain.groovy:35)
	... 20 more]]></system-err>
   </testsuite>
</testsuites>
